101.08.08 15:21 B D:\mms141mr\plfm\lib\nwg\blastee.c <-- kqtran-u5 /users/kqtran/mms141mr/plfm/lib/nwg blastee.c
101.08.08 15:21 B D:\mms141mr\plfm\lib\nwg\blaster.c <-- kqtran-u5 /users/kqtran/mms141mr/plfm/lib/nwg blaster.c
101.08.08 15:21 B D:\mms141mr\plfm\lib\nwg\if.c <-- kqtran-u5 /users/kqtran/mms141mr/plfm/lib/nwg if.c
101.08.08 15:21 B D:\mms141mr\plfm\lib\nwg\if_ether.c <-- kqtran-u5 /users/kqtran/mms141mr/plfm/lib/nwg if_ether.c
101.08.08 15:21 B D:\mms141mr\plfm\lib\nwg\in.c <-- kqtran-u5 /users/kqtran/mms141mr/plfm/lib/nwg in.c
101.08.08 15:21 B D:\mms141mr\plfm\lib\nwg\ip_input.c <-- kqtran-u5 /users/kqtran/mms141mr/plfm/lib/nwg ip_input.c
101.08.08 15:21 B D:\mms141mr\plfm\lib\nwg\ip_output.c <-- kqtran-u5 /users/kqtran/mms141mr/plfm/lib/nwg ip_output.c
101.08.08 15:21 B D:\mms141mr\plfm\lib\nwg\makefile <-- kqtran-u5 /users/kqtran/mms141mr/plfm/lib/nwg makefile
101.08.08 15:21 B D:\mms141mr\plfm\lib\nwg\netBufLib.c <-- kqtran-u5 /users/kqtran/mms141mr/plfm/lib/nwg netBufLib.c
101.08.08 15:21 B D:\mms141mr\plfm\lib\nwg\nwg.h <-- kqtran-u5 /users/kqtran/mms141mr/plfm/lib/nwg nwg.h
101.08.08 15:21 B D:\mms141mr\plfm\lib\nwg\nwg_announce.c <-- kqtran-u5 /users/kqtran/mms141mr/plfm/lib/nwg nwg_announce.c
101.08.08 15:21 B D:\mms141mr\plfm\lib\nwg\nwg_events.c <-- kqtran-u5 /users/kqtran/mms141mr/plfm/lib/nwg nwg_events.c
101.08.08 15:21 B D:\mms141mr\plfm\lib\nwg\nwg_events.h <-- kqtran-u5 /users/kqtran/mms141mr/plfm/lib/nwg nwg_events.h
101.08.08 15:21 B D:\mms141mr\plfm\lib\nwg\nwg_util.c <-- kqtran-u5 /users/kqtran/mms141mr/plfm/lib/nwg nwg_util.c
101.08.08 15:21 B D:\mms141mr\plfm\lib\nwg\tcp_input.c <-- kqtran-u5 /users/kqtran/mms141mr/plfm/lib/nwg tcp_input.c
101.08.08 15:21 B D:\mms141mr\plfm\lib\nwg\telnetLib.c <-- kqtran-u5 /users/kqtran/mms141mr/plfm/lib/nwg telnetLib.c
101.08.08 15:21 B D:\mms141mr\plfm\lib\nwg\telnetLib.h <-- kqtran-u5 /users/kqtran/mms141mr/plfm/lib/nwg telnetLib.h
101.08.08 15:21 B D:\mms141mr\plfm\lib\nwg\tftp_main.c <-- kqtran-u5 /users/kqtran/mms141mr/plfm/lib/nwg tftp_main.c
101.08.08 15:21 B D:\mms141mr\plfm\lib\nwg\tftp_util.c <-- kqtran-u5 /users/kqtran/mms141mr/plfm/lib/nwg tftp_util.c
101.08.08 15:21 B D:\mms141mr\plfm\lib\nwg\tftpdLib.h <-- kqtran-u5 /users/kqtran/mms141mr/plfm/lib/nwg tftpdLib.h
101.08.08 15:21 B D:\mms141mr\plfm\lib\nwg\tftpLib.h <-- kqtran-u5 /users/kqtran/mms141mr/plfm/lib/nwg tftpLib.h
101.08.08 15:21 B D:\mms141mr\plfm\lib\nwg\tnetptdef.h <-- kqtran-u5 /users/kqtran/mms141mr/plfm/lib/nwg tnetptdef.h
101.08.08 15:21 B D:\mms141mr\plfm\lib\nwg\uipc_sock.c <-- kqtran-u5 /users/kqtran/mms141mr/plfm/lib/nwg uipc_sock.c
101.08.08 15:21 B D:\mms141mr\plfm\lib\nwg\uipc_sock2.c <-- kqtran-u5 /users/kqtran/mms141mr/plfm/lib/nwg uipc_sock2.c
101.08.08 15:21 B D:\mms141mr\plfm\lib\nwg\vxsniff.c <-- kqtran-u5 /users/kqtran/mms141mr/plfm/lib/nwg vxsniff.c
